<?xml version="1.0" encoding="UTF-8"?>
<!-- Generated by org.testng.reporters.JUnitReportReporter -->
<testsuite hostname="Vayuputhra" name="TestNGSelenium.SeleniumTestNG.Tests.Test3" tests="1" failures="0" timestamp="18 Feb 2017 18:09:48 GMT" time="1.791" errors="0">
  <testcase name="testSteps" time="1.791" classname="TestNGSelenium.SeleniumTestNG.Tests.Test3"/>
</testsuite> <!-- TestNGSelenium.SeleniumTestNG.Tests.Test3 -->
