<?xml version="1.0" encoding="UTF-8"?>
<!-- Generated by org.testng.reporters.JUnitReportReporter -->
<testsuite hostname="Vayuputhra" name="TestNGSelenium.SeleniumTestNG.Tests.Test2" tests="1" failures="0" timestamp="26 Mar 2017 20:37:18 GMT" time="10.336" errors="0">
  <testcase name="testSteps" time="10.336" classname="TestNGSelenium.SeleniumTestNG.Tests.Test2"/>
</testsuite> <!-- TestNGSelenium.SeleniumTestNG.Tests.Test2 -->
