<?xml version="1.0" encoding="UTF-8"?>
<!-- Generated by org.testng.reporters.JUnitReportReporter -->
<testsuite hostname="Vayuputhra" name="TestNGSelenium.SeleniumTestNG.Tests.Test8" tests="1" failures="0" timestamp="23 Feb 2017 00:44:14 GMT" time="12.354" errors="0">
  <testcase name="testSteps" time="12.354" classname="TestNGSelenium.SeleniumTestNG.Tests.Test8"/>
</testsuite> <!-- TestNGSelenium.SeleniumTestNG.Tests.Test8 -->
