<?xml version="1.0" encoding="UTF-8"?>
<!-- Generated by org.testng.reporters.JUnitReportReporter -->
<testsuite hostname="Vayuputhra" name="TestNGSelenium.SeleniumTestNG.Tests.Test1" tests="1" failures="0" timestamp="23 Feb 2017 00:44:14 GMT" time="8.554" errors="0">
  <testcase name="testSteps" time="8.554" classname="TestNGSelenium.SeleniumTestNG.Tests.Test1"/>
</testsuite> <!-- TestNGSelenium.SeleniumTestNG.Tests.Test1 -->
