<?xml version="1.0" encoding="UTF-8"?>
<!-- Generated by org.testng.reporters.JUnitReportReporter -->
<testsuite hostname="Vayuputhra" name="TestNGSelenium.SeleniumTestNG.Tests.Test2" tests="1" failures="0" timestamp="25 Feb 2017 20:38:11 GMT" time="13.483" errors="0">
  <testcase name="testSteps" time="13.483" classname="TestNGSelenium.SeleniumTestNG.Tests.Test2"/>
</testsuite> <!-- TestNGSelenium.SeleniumTestNG.Tests.Test2 -->
