<?xml version="1.0" encoding="UTF-8"?>
<!-- Generated by org.testng.reporters.JUnitReportReporter -->
<testsuite hostname="Vayuputhra" name="TestNGSelenium.SeleniumTestNG.Tests.Test6" tests="1" failures="0" timestamp="25 Feb 2017 20:48:50 GMT" time="13.960" errors="0">
  <testcase name="testSteps" time="13.960" classname="TestNGSelenium.SeleniumTestNG.Tests.Test6"/>
</testsuite> <!-- TestNGSelenium.SeleniumTestNG.Tests.Test6 -->
