<?xml version="1.0" encoding="UTF-8"?>
<!-- Generated by org.testng.reporters.JUnitReportReporter -->
<testsuite hostname="Vayuputhra" name="TestNGSelenium.SeleniumTestNG.Tests.TestNG_Grouping" tests="4" failures="1" timestamp="25 Feb 2017 20:48:50 GMT" time="0.014" errors="0">
  <testcase name="HondaAccord" time="0.002" classname="TestNGSelenium.SeleniumTestNG.Tests.TestNG_Grouping"/>
  <testcase name="BMW3Series" time="0.008" classname="TestNGSelenium.SeleniumTestNG.Tests.TestNG_Grouping">
    <failure type="junit.framework.AssertionFailedError" message="expected:&lt;true&gt; but was:&lt;false&gt;">
      <![CDATA[junit.framework.AssertionFailedError: expected:<true> but was:<false>
	at junit.framework.Assert.fail(Assert.java:57)
	at junit.framework.Assert.failNotEquals(Assert.java:329)
	at junit.framework.Assert.assertEquals(Assert.java:78)
	at junit.framework.Assert.assertEquals(Assert.java:174)
	at junit.framework.Assert.assertEquals(Assert.java:181)
	at TestNGSelenium.SeleniumTestNG.Tests.TestNG_Grouping.BMW3Series(TestNG_Grouping.java:34)
	at sun.reflect.NativeMethodAccessorImpl.invoke0(Native Method)
	at sun.reflect.NativeMethodAccessorImpl.invoke(NativeMethodAccessorImpl.java:62)
	at sun.reflect.DelegatingMethodAccessorImpl.invoke(DelegatingMethodAccessorImpl.java:43)
	at java.lang.reflect.Method.invoke(Method.java:497)
	at org.testng.internal.MethodInvocationHelper.invokeMethod(MethodInvocationHelper.java:85)
	at org.testng.internal.Invoker.invokeMethod(Invoker.java:639)
	at org.testng.internal.Invoker.invokeTestMethod(Invoker.java:816)
	at org.testng.internal.Invoker.invokeTestMethods(Invoker.java:1124)
	at org.testng.internal.TestMethodWorker.invokeTestMethods(TestMethodWorker.java:125)
	at org.testng.internal.TestMethodWorker.run(TestMethodWorker.java:108)
	at org.testng.TestRunner.privateRun(TestRunner.java:774)
	at org.testng.TestRunner.run(TestRunner.java:624)
	at org.testng.SuiteRunner.runTest(SuiteRunner.java:359)
	at org.testng.SuiteRunner.access$000(SuiteRunner.java:39)
	at org.testng.SuiteRunner$SuiteWorker.run(SuiteRunner.java:393)
	at org.testng.internal.thread.ThreadUtil$2.call(ThreadUtil.java:64)
	at java.util.concurrent.FutureTask.run(FutureTask.java:266)
	at java.util.concurrent.ThreadPoolExecutor.runWorker(ThreadPoolExecutor.java:1142)
	at java.util.concurrent.ThreadPoolExecutor$Worker.run(ThreadPoolExecutor.java:617)
	at java.lang.Thread.run(Thread.java:745)
]]>
    </failure>
  </testcase> <!-- BMW3Series -->
  <testcase name="AudiA6" time="0.003" classname="TestNGSelenium.SeleniumTestNG.Tests.TestNG_Grouping"/>
  <testcase name="BMWX3" time="0.001" classname="TestNGSelenium.SeleniumTestNG.Tests.TestNG_Grouping"/>
</testsuite> <!-- TestNGSelenium.SeleniumTestNG.Tests.TestNG_Grouping -->
