<?xml version="1.0" encoding="UTF-8"?>
<!-- Generated by org.testng.reporters.JUnitReportReporter -->
<testsuite hostname="Vayuputhra" name="TestNGSelenium.SeleniumTestNG.Tests.Test4" tests="1" failures="0" timestamp="25 Feb 2017 20:38:11 GMT" time="11.109" errors="0">
  <testcase name="testSteps" time="11.109" classname="TestNGSelenium.SeleniumTestNG.Tests.Test4"/>
</testsuite> <!-- TestNGSelenium.SeleniumTestNG.Tests.Test4 -->
